<?xml version="1.0" encoding="UTF-8"?>
<testsuite xmlns:xsi="http://www.w3.org/2001/XMLSchema-instance" xsi:noNamespaceSchemaLocation="https://maven.apache.org/surefire/maven-surefire-plugin/xsd/surefire-test-report.xsd" name="test.java.org.springframework.beans.factory.BeanFactoryTest" time="0.038" tests="2" errors="0" skipped="0" failures="0">
  <properties>
[...]
</properties>
  <testcase name="testGetBeanNotFound" classname="test.java.org.springframework.beans.factory.BeanFactoryTest" time="0.026"/>
  <testcase name="testRegisterBean" classname="test.java.org.springframework.beans.factory.BeanFactoryTest" time="0.002"/>
</testsuite>